fastmap      (NA -> 1.2.0    ) [CRAN]
xtable       (NA -> 1.8-4    ) [CRAN]
sourcetools  (NA -> 0.1.7-1  ) [CRAN]
promises     (NA -> 1.5.0    ) [CRAN]
otel         (NA -> 0.2.0    ) [CRAN]
later        (NA -> 1.4.4    ) [CRAN]
httpuv       (NA -> 1.6.16   ) [CRAN]
fontawesome  (NA -> 0.5.3    ) [CRAN]
commonmark   (NA -> 2.0.0    ) [CRAN]
rappdirs     (NA -> 0.3.3    ) [CRAN]
fs           (NA -> 1.6.6    ) [CRAN]
digest       (NA -> 0.6.39   ) [CRAN]
mime         (NA -> 0.13     ) [CRAN]
memoise      (NA -> 2.0.1    ) [CRAN]
jquerylib    (NA -> 0.1.4    ) [CRAN]
cachem       (NA -> 1.1.0    ) [CRAN]
base64enc    (NA -> 0.1-3    ) [CRAN]
htmltools    (NA -> 0.5.9    ) [CRAN]
shiny        (NA -> 1.12.1   ) [CRAN]
sass         (NA -> 0.4.10   ) [CRAN]
bslib        (NA -> 0.9.0    ) [CRAN]
abind        (NA -> 1.4-8    ) [CRAN]
XML          (NA -> 3.99-0.20) [CRAN]
stars        (NA -> 0.7-0    ) [CRAN]
lwgeom       (NA -> 0.2-14   ) [CRAN]
viridisLite  (NA -> 0.4.2    ) [CRAN]
RColorBrewer (NA -> 1.1-3    ) [CRAN]
labeling     (NA -> 0.4.3    ) [CRAN]
farver       (NA -> 2.1.2    ) [CRAN]
terra        (NA -> 1.8-86   ) [CRAN]
textshaping  (NA -> 1.0.4    ) [CRAN]
systemfonts  (NA -> 1.3.1    ) [CRAN]
tinytex      (NA -> 0.58     ) [CRAN]
highr        (NA -> 0.11     ) [CRAN]
evaluate     (NA -> 1.0.5    ) [CRAN]
lazyeval     (NA -> 0.2.2    ) [CRAN]
plyr         (NA -> 1.8.9    ) [CRAN]
uuid         (NA -> 1.2-1    ) [CRAN]
svglite      (NA -> 2.2.2    ) [CRAN]
brew         (NA -> 1.0-10   ) [CRAN]
xfun         (NA -> 0.55     ) [CRAN]
leaflet.p... (NA -> 2.0.0    ) [CRAN]
crosstalk    (NA -> 1.2.2    ) [CRAN]
yaml         (NA -> 2.3.12   ) [CRAN]
rmarkdown    (NA -> 2.30     ) [CRAN]
knitr        (NA -> 1.51     ) [CRAN]
servr        (NA -> 0.32     ) [CRAN]
scales       (NA -> 1.4.0    ) [CRAN]
satellite    (NA -> 1.0.6    ) [CRAN]
raster       (NA -> 3.6-32   ) [CRAN]
png          (NA -> 0.1-8    ) [CRAN]
leafpop      (NA -> 0.1.0    ) [CRAN]
leaflet      (NA -> 2.2.3    ) [CRAN]
leafem       (NA -> 0.2.5    ) [CRAN]
htmlwidgets  (NA -> 1.6.4    ) [CRAN]
sys          (NA -> 3.4.3    ) [CRAN]
askpass      (NA -> 1.2.1    ) [CRAN]
openssl      (NA -> 2.3.4    ) [CRAN]
shinyWidgets (NA -> 0.9.0    ) [CRAN]
tmaptools    (NA -> 3.3      ) [CRAN]
rstudioapi   (NA -> 0.17.1   ) [CRAN]
miniUI       (NA -> 0.1.2    ) [CRAN]
mapview      (NA -> 2.11.4   ) [CRAN]
leafpm       (NA -> 0.1.0    ) [CRAN]
leaflet.e... (NA -> 2.0.1    ) [CRAN]
DT           (NA -> 0.34.0   ) [CRAN]
assertthat   (NA -> 0.2.1    ) [CRAN]
httr         (NA -> 1.4.7    ) [CRAN]
S7           (NA -> 0.2.1    ) [CRAN]
isoband      (NA -> 0.3.0    ) [CRAN]
gtable       (NA -> 0.3.6    ) [CRAN]
xml2         (NA -> 1.5.1    ) [CRAN]
data.table   (NA -> 1.17.8   ) [CRAN]
mapedit      (NA -> 0.7.0    ) [CRAN]
httpcache    (NA -> 1.2.0    ) [CRAN]
ggplot2      (NA -> 4.0.1    ) [CRAN]
* checking for file ‘/tmp/RtmpW5sIVo/remotes19fb13cd3162/iobis-robis-1b328d9/DESCRIPTION’ ... OK
* preparing ‘robis’:
* checking DESCRIPTION meta-information ... OK
* checking for LF line-endings in source and make files and shell scripts
* checking for empty or unneeded directories
* building ‘robis_2.11.3.tar.gz’
fetch # of OBIS occurrences per 0.25 deg box for all sites: 88.847 sec elapsed
fetch # of OBIS occurrences per 1 & 5 deg box for data poor sites: 1.293 sec elapsed
Deleting source `/home/runner/work/p2p/p2p/data/obis/obis_sites.geojson' using driver `GeoJSON'
Writing layer `obis_sites' to data source 
  `/home/runner/work/p2p/p2p/data/obis/obis_sites.geojson' using driver `GeoJSON'
Writing 204 features with 16 fields and geometry type Polygon.
site 1 of 51 sites_plys (nchar=662): 1677.841 sec elapsed
site 2 of 51 sites_plys (nchar=593): 61.104 sec elapsed
site 3 of 51 sites_plys (nchar=414): 5.5 sec elapsed
site 4 of 51 sites_plys (nchar=365): 7.222 sec elapsed
site 5 of 51 sites_plys (nchar=358): 1.961 sec elapsed
site 6 of 51 sites_plys (nchar=341): 17.97 sec elapsed
site 7 of 51 sites_plys (nchar=308): 1.729 sec elapsed
site 8 of 51 sites_plys (nchar=272): 2.351 sec elapsed
site 9 of 51 sites_plys (nchar=271): 6.054 sec elapsed
site 10 of 51 sites_plys (nchar=239): 5.749 sec elapsed
site 11 of 51 sites_plys (nchar=239): 3.344 sec elapsed
site 12 of 51 sites_plys (nchar=239): 22.354 sec elapsed
site 13 of 51 sites_plys (nchar=236): 3.236 sec elapsed
site 14 of 51 sites_plys (nchar=235): 2.92 sec elapsed
site 15 of 51 sites_plys (nchar=232): 3.094 sec elapsed
site 16 of 51 sites_plys (nchar=228): 6.599 sec elapsed
site 17 of 51 sites_plys (nchar=203): 9.556 sec elapsed
site 18 of 51 sites_plys (nchar=196): 13.089 sec elapsed
site 19 of 51 sites_plys (nchar=167): 2.995 sec elapsed
site 20 of 51 sites_plys (nchar=167): 2.6 sec elapsed
site 21 of 51 sites_plys (nchar=166): 2.343 sec elapsed
site 22 of 51 sites_plys (nchar=161): 11.391 sec elapsed
site 23 of 51 sites_plys (nchar=158): 9.469 sec elapsed
site 24 of 51 sites_plys (nchar=158): 10.609 sec elapsed
site 25 of 51 sites_plys (nchar=156): 2.698 sec elapsed
site 26 of 51 sites_plys (nchar=154): 12.607 sec elapsed
site 27 of 51 sites_plys (nchar=153): 13.661 sec elapsed
site 28 of 51 sites_plys (nchar=95): 1.901 sec elapsed
site 29 of 51 sites_plys (nchar=95): 3.323 sec elapsed
site 30 of 51 sites_plys (nchar=95): 1.68 sec elapsed
site 31 of 51 sites_plys (nchar=95): 4.439 sec elapsed
site 32 of 51 sites_plys (nchar=95): 3.694 sec elapsed
site 33 of 51 sites_plys (nchar=95): 1.22 sec elapsed
site 34 of 51 sites_plys (nchar=95): 3.077 sec elapsed
site 35 of 51 sites_plys (nchar=95): 1.829 sec elapsed
site 36 of 51 sites_plys (nchar=95): 3.033 sec elapsed
site 37 of 51 sites_plys (nchar=90): 2.489 sec elapsed
site 38 of 51 sites_plys (nchar=90): 2.889 sec elapsed
site 39 of 51 sites_plys (nchar=90): 1.536 sec elapsed
site 40 of 51 sites_plys (nchar=90): 4.062 sec elapsed
site 41 of 51 sites_plys (nchar=90): 1.241 sec elapsed
site 42 of 51 sites_plys (nchar=90): 1.568 sec elapsed
site 43 of 51 sites_plys (nchar=90): 3.627 sec elapsed
site 44 of 51 sites_plys (nchar=88): 10.864 sec elapsed
site 45 of 51 sites_plys (nchar=85): 0.914 sec elapsed
site 46 of 51 sites_plys (nchar=85): 1.228 sec elapsed
site 47 of 51 sites_plys (nchar=85): 1.405 sec elapsed
site 48 of 51 sites_plys (nchar=85): 1.322 sec elapsed
site 49 of 51 sites_plys (nchar=80): 10.252 sec elapsed
site 50 of 51 sites_plys (nchar=80): 0.913 sec elapsed
site 51 of 51 sites_plys (nchar=80): 8.831 sec elapsed
iterate over sites_plys: 1999.502 sec elapsed
