                                                         about.Rmd 
                  "/home/runner/work/p2p/p2p/docs_pages/about.Rmd" 
                                                       contact.Rmd 
                "/home/runner/work/p2p/p2p/docs_pages/contact.Rmd" 
                                                  data_in_situ.Rmd 
           "/home/runner/work/p2p/p2p/docs_pages/data_in_situ.Rmd" 
                                              data_rocky_shore.Rmd 
       "/home/runner/work/p2p/p2p/docs_pages/data_rocky_shore.Rmd" 
                                                       data_rs.Rmd 
                "/home/runner/work/p2p/p2p/docs_pages/data_rs.Rmd" 
                                              data_sandy_beach.Rmd 
       "/home/runner/work/p2p/p2p/docs_pages/data_sandy_beach.Rmd" 
                                                        events.Rmd 
                 "/home/runner/work/p2p/p2p/docs_pages/events.Rmd" 
                                                         index.Rmd 
                  "/home/runner/work/p2p/p2p/docs_pages/index.Rmd" 
                                                       members.Rmd 
                "/home/runner/work/p2p/p2p/docs_pages/members.Rmd" 
                                          methods_data_science.Rmd 
   "/home/runner/work/p2p/p2p/docs_pages/methods_data_science.Rmd" 
                                       methods_field_protocols.Rmd 
"/home/runner/work/p2p/p2p/docs_pages/methods_field_protocols.Rmd" 
                                                         _site.yml 
                  "/home/runner/work/p2p/p2p/docs_pages/_site.yml" 
                                                         _includes 
                  "/home/runner/work/p2p/p2p/docs_pages/_includes" 
                                                              data 
                       "/home/runner/work/p2p/p2p/docs_pages/data" 
                                                            images 
                     "/home/runner/work/p2p/p2p/docs_pages/images" 
                                                         protocols 
                  "/home/runner/work/p2p/p2p/docs_pages/protocols" 
1/3        
2/3 [setup]
3/3        
/usr/bin/pandoc +RTS -K512m -RTS about.knit.md --to html4 --from markdown+autolink_bare_uris+tex_math_single_backslash --output about.html --lua-filter /home/runner/work/_temp/Library/rmarkdown/rmarkdown/lua/pagebreak.lua --lua-filter /home/runner/work/_temp/Library/rmarkdown/rmarkdown/lua/latex-div.lua --variable bs3=TRUE --standalone --section-divs --template /home/runner/work/_temp/Library/rmarkdown/rmd/h/default.html --no-highlight --variable highlightjs=1 --include-before-body /tmp/RtmpqXFUaB/rmarkdown-str1a0476884bfa.html --variable navbar=1 --variable theme=cosmo --css styles.css --mathjax --variable 'mathjax-url=https://mathjax.rstudio.com/latest/MathJax.js?config=TeX-AMS-MML_HTMLorMML' --include-in-header /tmp/RtmpqXFUaB/rmarkdown-str1a045aa57acb.html --include-after-body _includes/footer.html 
1/3        
2/3 [setup]
3/3        
/usr/bin/pandoc +RTS -K512m -RTS contact.knit.md --to html4 --from markdown+autolink_bare_uris+tex_math_single_backslash --output contact.html --lua-filter /home/runner/work/_temp/Library/rmarkdown/rmarkdown/lua/pagebreak.lua --lua-filter /home/runner/work/_temp/Library/rmarkdown/rmarkdown/lua/latex-div.lua --variable bs3=TRUE --standalone --section-divs --template /home/runner/work/_temp/Library/rmarkdown/rmd/h/default.html --no-highlight --variable highlightjs=1 --include-before-body /tmp/RtmpqXFUaB/rmarkdown-str1a045d307d9a.html --variable navbar=1 --variable theme=cosmo --css styles.css --mathjax --variable 'mathjax-url=https://mathjax.rstudio.com/latest/MathJax.js?config=TeX-AMS-MML_HTMLorMML' --include-in-header /tmp/RtmpqXFUaB/rmarkdown-str1a0424569a1.html --include-after-body _includes/footer.html 
1/3        
2/3 [setup]
3/3        
/usr/bin/pandoc +RTS -K512m -RTS data_in_situ.knit.md --to html4 --from markdown+autolink_bare_uris+tex_math_single_backslash --output data_in_situ.html --lua-filter /home/runner/work/_temp/Library/rmarkdown/rmarkdown/lua/pagebreak.lua --lua-filter /home/runner/work/_temp/Library/rmarkdown/rmarkdown/lua/latex-div.lua --variable bs3=TRUE --standalone --section-divs --template /home/runner/work/_temp/Library/rmarkdown/rmd/h/default.html --no-highlight --variable highlightjs=1 --include-before-body /tmp/RtmpqXFUaB/rmarkdown-str1a0472be061a.html --variable navbar=1 --variable theme=cosmo --css styles.css --mathjax --variable 'mathjax-url=https://mathjax.rstudio.com/latest/MathJax.js?config=TeX-AMS-MML_HTMLorMML' --include-in-header /tmp/RtmpqXFUaB/rmarkdown-str1a04601e43f5.html --include-after-body _includes/footer.html 
1/3        
2/3 [setup]
3/3        
/usr/bin/pandoc +RTS -K512m -RTS data_rocky_shore.knit.md --to html4 --from markdown+autolink_bare_uris+tex_math_single_backslash --output data_rocky_shore.html --lua-filter /home/runner/work/_temp/Library/rmarkdown/rmarkdown/lua/pagebreak.lua --lua-filter /home/runner/work/_temp/Library/rmarkdown/rmarkdown/lua/latex-div.lua --variable bs3=TRUE --standalone --section-divs --template /home/runner/work/_temp/Library/rmarkdown/rmd/h/default.html --no-highlight --variable highlightjs=1 --include-before-body /tmp/RtmpqXFUaB/rmarkdown-str1a043145999d.html --variable navbar=1 --variable theme=cosmo --css styles.css --mathjax --variable 'mathjax-url=https://mathjax.rstudio.com/latest/MathJax.js?config=TeX-AMS-MML_HTMLorMML' --include-in-header /tmp/RtmpqXFUaB/rmarkdown-str1a0462f02640.html --include-after-body _includes/footer.html 
1/3        
2/3 [setup]
3/3        
/usr/bin/pandoc +RTS -K512m -RTS data_rs.knit.md --to html4 --from markdown+autolink_bare_uris+tex_math_single_backslash --output data_rs.html --lua-filter /home/runner/work/_temp/Library/rmarkdown/rmarkdown/lua/pagebreak.lua --lua-filter /home/runner/work/_temp/Library/rmarkdown/rmarkdown/lua/latex-div.lua --variable bs3=TRUE --standalone --section-divs --template /home/runner/work/_temp/Library/rmarkdown/rmd/h/default.html --no-highlight --variable highlightjs=1 --include-before-body /tmp/RtmpqXFUaB/rmarkdown-str1a0444afaf23.html --variable navbar=1 --variable theme=cosmo --css styles.css --mathjax --variable 'mathjax-url=https://mathjax.rstudio.com/latest/MathJax.js?config=TeX-AMS-MML_HTMLorMML' --include-in-header /tmp/RtmpqXFUaB/rmarkdown-str1a0449d1fdd5.html --include-after-body _includes/footer.html 
1/3        
2/3 [setup]
3/3        
/usr/bin/pandoc +RTS -K512m -RTS data_sandy_beach.knit.md --to html4 --from markdown+autolink_bare_uris+tex_math_single_backslash --output data_sandy_beach.html --lua-filter /home/runner/work/_temp/Library/rmarkdown/rmarkdown/lua/pagebreak.lua --lua-filter /home/runner/work/_temp/Library/rmarkdown/rmarkdown/lua/latex-div.lua --variable bs3=TRUE --standalone --section-divs --template /home/runner/work/_temp/Library/rmarkdown/rmd/h/default.html --no-highlight --variable highlightjs=1 --include-before-body /tmp/RtmpqXFUaB/rmarkdown-str1a044f41b2be.html --variable navbar=1 --variable theme=cosmo --css styles.css --mathjax --variable 'mathjax-url=https://mathjax.rstudio.com/latest/MathJax.js?config=TeX-AMS-MML_HTMLorMML' --include-in-header /tmp/RtmpqXFUaB/rmarkdown-str1a0457fa8c4e.html --include-after-body _includes/footer.html 
1/11                  
2/11 [setup]          
3/11                  
4/11 [unnamed-chunk-1]
5/11                  
6/11 [unnamed-chunk-2]
7/11                  
8/11 [unnamed-chunk-3]
9/11                  
10/11 [unnamed-chunk-4]
11/11                  
/usr/bin/pandoc +RTS -K512m -RTS events.knit.md --to html4 --from markdown+autolink_bare_uris+tex_math_single_backslash --output events.html --lua-filter /home/runner/work/_temp/Library/rmarkdown/rmarkdown/lua/pagebreak.lua --lua-filter /home/runner/work/_temp/Library/rmarkdown/rmarkdown/lua/latex-div.lua --variable bs3=TRUE --standalone --section-divs --template /home/runner/work/_temp/Library/rmarkdown/rmd/h/default.html --no-highlight --variable highlightjs=1 --include-before-body /tmp/RtmpqXFUaB/rmarkdown-str1a041559c952.html --variable navbar=1 --variable theme=cosmo --css styles.css --mathjax --variable 'mathjax-url=https://mathjax.rstudio.com/latest/MathJax.js?config=TeX-AMS-MML_HTMLorMML' --include-in-header /tmp/RtmpqXFUaB/rmarkdown-str1a04646eed9b.html --include-after-body _includes/footer.html 
1/9                  
2/9 [setup]          
3/9                  
4/9 [unnamed-chunk-1]
5/9                  
6/9 [unnamed-chunk-2]
7/9                  
8/9 [unnamed-chunk-3]
9/9                  
/usr/bin/pandoc +RTS -K512m -RTS index.knit.md --to html4 --from markdown+autolink_bare_uris+tex_math_single_backslash --output index.html --lua-filter /home/runner/work/_temp/Library/rmarkdown/rmarkdown/lua/pagebreak.lua --lua-filter /home/runner/work/_temp/Library/rmarkdown/rmarkdown/lua/latex-div.lua --variable bs3=TRUE --standalone --section-divs --template /home/runner/work/_temp/Library/rmarkdown/rmd/h/default.html --no-highlight --variable highlightjs=1 --include-before-body /tmp/RtmpqXFUaB/rmarkdown-str1a04242aaf5b.html --variable navbar=1 --variable theme=cosmo --css styles.css --mathjax --variable 'mathjax-url=https://mathjax.rstudio.com/latest/MathJax.js?config=TeX-AMS-MML_HTMLorMML' --include-in-header /tmp/RtmpqXFUaB/rmarkdown-str1a041b163518.html --include-after-body _includes/footer.html 
1/6                  
2/6 [unnamed-chunk-1]
3/6                  
4/6 [unnamed-chunk-2]
5/6                  
6/6 [unnamed-chunk-3]
/usr/bin/pandoc +RTS -K512m -RTS members.knit.md --to html4 --from markdown+autolink_bare_uris+tex_math_single_backslash --output members.html --lua-filter /home/runner/work/_temp/Library/rmarkdown/rmarkdown/lua/pagebreak.lua --lua-filter /home/runner/work/_temp/Library/rmarkdown/rmarkdown/lua/latex-div.lua --variable bs3=TRUE --standalone --section-divs --template /home/runner/work/_temp/Library/rmarkdown/rmd/h/default.html --no-highlight --variable highlightjs=1 --include-before-body /tmp/RtmpqXFUaB/rmarkdown-str1a041d5c9c36.html --variable navbar=1 --variable theme=cosmo --css styles.css --mathjax --variable 'mathjax-url=https://mathjax.rstudio.com/latest/MathJax.js?config=TeX-AMS-MML_HTMLorMML' --include-in-header /tmp/RtmpqXFUaB/rmarkdown-str1a045fd87b33.html --include-after-body _includes/footer.html 
1/5                  
2/5 [setup]          
3/5                  
4/5 [unnamed-chunk-1]
5/5                  
/usr/bin/pandoc +RTS -K512m -RTS methods_data_science.knit.md --to html4 --from markdown+autolink_bare_uris+tex_math_single_backslash --output methods_data_science.html --lua-filter /home/runner/work/_temp/Library/rmarkdown/rmarkdown/lua/pagebreak.lua --lua-filter /home/runner/work/_temp/Library/rmarkdown/rmarkdown/lua/latex-div.lua --variable bs3=TRUE --standalone --section-divs --template /home/runner/work/_temp/Library/rmarkdown/rmd/h/default.html --no-highlight --variable highlightjs=1 --include-before-body /tmp/RtmpqXFUaB/rmarkdown-str1a0468ba3258.html --variable navbar=1 --variable theme=cosmo --css styles.css --mathjax --variable 'mathjax-url=https://mathjax.rstudio.com/latest/MathJax.js?config=TeX-AMS-MML_HTMLorMML' --include-in-header /tmp/RtmpqXFUaB/rmarkdown-str1a047adb72cc.html --include-after-body _includes/footer.html 
1/5                  
2/5 [setup]          
3/5                  
4/5 [unnamed-chunk-1]
5/5                  
/usr/bin/pandoc +RTS -K512m -RTS methods_field_protocols.knit.md --to html4 --from markdown+autolink_bare_uris+tex_math_single_backslash --output methods_field_protocols.html --lua-filter /home/runner/work/_temp/Library/rmarkdown/rmarkdown/lua/pagebreak.lua --lua-filter /home/runner/work/_temp/Library/rmarkdown/rmarkdown/lua/latex-div.lua --variable bs3=TRUE --standalone --section-divs --template /home/runner/work/_temp/Library/rmarkdown/rmd/h/default.html --no-highlight --variable highlightjs=1 --include-before-body /tmp/RtmpqXFUaB/rmarkdown-str1a044edf64c3.html --variable navbar=1 --variable theme=cosmo --css styles.css --mathjax --variable 'mathjax-url=https://mathjax.rstudio.com/latest/MathJax.js?config=TeX-AMS-MML_HTMLorMML' --include-in-header /tmp/RtmpqXFUaB/rmarkdown-str1a0427d46f12.html --include-after-body _includes/footer.html 
